
Обрабатываем C:\Users\Саша\Desktop\мдк\setup.ciq 18.06.2025 14:50:11
Лог-файл: C:\Users\Саша\Desktop\мдк\setup.log 
Генерация исходников... 
Компиляции Gentee исходников... 
Создание файла установки: C:\Users\Саша\Desktop\мдк\setup.exe 
Добавление temporary файла(ов) к EXE 
C:\Temp\gentee02\english.lng 18.06.2025 14:50:12 4000  46.65%
D:\res\leftimg\uninstall\uninstall - 1.bmp 20.03.2018 19:19:53 20678  28.19%
D:\res\logo\default - 1.bmp 20.03.2018 19:19:53 7308  52.55%
D:\res\leftimg\install\install - 1.bmp 20.03.2018 19:19:53 20678  33.44%
Создание файла установки: C:\Temp\gentee02\uninstall.exe 
Добавление uninstall файла(ов) к EXE 
Получение списка файлов 
Упаковка файлов... 
================================ 
C:\Users\Саша\Desktop\мдк\cil-setup.8.11.1.exe 18.06.2025 14:46:49 4814894  100.00%
C:\Users\Саша\Desktop\мдк\git.docx 16.06.2025 22:09:51 237931  89.60%
C:\Users\Саша\Desktop\мдк\Git_2.docx 16.06.2025 22:10:03 502883  46.00%
C:\Users\Саша\Desktop\мдк\microsoft-windows-installer-4.5.exe 18.06.2025 14:44:33 3327000  100.00%
C:\Users\Саша\Desktop\мдк\setup.ciq 18.06.2025 14:50:10 1833  39.66%
C:\Users\Саша\Desktop\мдк\setup.log 18.06.2025 14:50:17 1137  45.64%
C:\Users\Саша\Desktop\мдк\антивирусы.docx 18.06.2025 14:30:16 821757  96.42%
C:\Users\Саша\Desktop\мдк\МДК2_ЛАБ _Тесткейсы 2025.0.docx 16.06.2025 22:09:12 223050  100.00%
C:\Users\Саша\Desktop\мдк\метрик.docx 16.06.2025 22:09:00 17581  86.03%
C:\Users\Саша\Desktop\мдк\МодельЖизненногоЦикла.docx 15.06.2025 21:04:38 48893  82.73%
C:\Users\Саша\Desktop\мдк\навигация.vsdx 17.06.2025 20:05:37 24800  85.87%
C:\Users\Саша\Desktop\мдк\огтчет.docx 16.06.2025 22:08:56 872694  92.36%
C:\Users\Саша\Desktop\мдк\отчет лаб 1 .docx 17.06.2025 20:04:23 2827390  100.00%
C:\Users\Саша\Desktop\мдк\отчет.docx 05.06.2025 22:46:07 292488  91.53%
C:\Users\Саша\Desktop\мдк\отчет_тесткейсы.docx 17.06.2025 23:03:40 292142  15.19%
C:\Users\Саша\Desktop\мдк\Оформление _Темные странные фигуры_.pptx 18.06.2025 3:02:49 2397340  98.58%
C:\Users\Саша\Desktop\мдк\работа (4).docx 16.06.2025 22:03:24 46064  76.50%
C:\Users\Саша\Desktop\мдк\Руководство оператора.docx 15.06.2025 22:58:15 23488  85.88%
C:\Users\Саша\Desktop\мдк\супер-петя.docx 18.06.2025 14:30:07 1540760  97.06%
C:\Users\Саша\Desktop\мдк\тест-кейсы.xlsx 05.06.2025 22:45:03 12695  78.47%
================================ 
Все файлы: 21 [ 18017KB => 17138KB ] 
Размер файла C:\Users\Саша\Desktop\мдк\setup.exe: 17260 KB 
Успешное окончание 18.06.2025 14:50:20